2025-04-08 23:17:14.193295 - Received CBT.V508.FILE1035.PDS from FILE1035.XMI 
2025-04-08 23:17:14.196111 - Found $$$#DATE.txt (text/plain) in CBT.V508.FILE1035.PDS, moved to PDS/$$$#DATE
2025-04-08 23:17:14.196760 - Found $EXPLAIN.txt (text/plain) in CBT.V508.FILE1035.PDS, moved to PDS/$EXPLAIN
2025-04-08 23:17:14.198104 - Found $PDFDOC.pdf (application/pdf) in CBT.V508.FILE1035.PDS, moved to docs/$PDFDOC.pdf
2025-04-08 23:17:14.198720 - Found $README.rexx (text/plain) in CBT.V508.FILE1035.PDS, moved to PDS/$README
2025-04-08 23:17:14.199311 - Found @FIL1035.txt (text/plain) in CBT.V508.FILE1035.PDS, moved to PDS/@FIL1035
2025-04-08 23:17:14.199923 - Found CEXEC.x-mp4a-latm (audio/x-mp4a-latm) in CBT.V508.FILE1035.PDS, moved to PDS/CEXEC
2025-04-08 23:17:14.200617 - Found EXEC.x-mp4a-latm (audio/x-mp4a-latm) in CBT.V508.FILE1035.PDS, moved to PDS/EXEC
2025-04-08 23:17:14.201279 - Found GETFILES.rexx (text/plain) in CBT.V508.FILE1035.PDS, moved to PDS/GETFILES
2025-04-08 23:17:14.201918 - Found ISEQ.rexx (text/plain) in CBT.V508.FILE1035.PDS, moved to PDS/ISEQ
2025-04-08 23:17:14.202508 - Found ISONEOF.rexx (text/plain) in CBT.V508.FILE1035.PDS, moved to PDS/ISONEOF
2025-04-08 23:17:14.203109 - Found JOIN.rexx (text/plain) in CBT.V508.FILE1035.PDS, moved to PDS/JOIN
2025-04-08 23:17:14.203749 - Found LINEMODE.rexx (text/plain) in CBT.V508.FILE1035.PDS, moved to PDS/LINEMODE
2025-04-08 23:17:14.204303 - Found LITERAL.rexx (text/plain) in CBT.V508.FILE1035.PDS, moved to PDS/LITERAL
2025-04-08 23:17:14.204860 - Found MSGPREFX.rexx (text/plain) in CBT.V508.FILE1035.PDS, moved to PDS/MSGPREFX
2025-04-08 23:17:14.205428 - Found PICKIF.rexx (text/plain) in CBT.V508.FILE1035.PDS, moved to PDS/PICKIF
2025-04-08 23:17:14.206007 - Found PIPCMD.rexx (text/plain) in CBT.V508.FILE1035.PDS, moved to PDS/PIPCMD
2025-04-08 23:17:14.206588 - Found QUERY.rexx (text/plain) in CBT.V508.FILE1035.PDS, moved to PDS/QUERY
2025-04-08 23:17:14.207168 - Found RC.rexx (text/plain) in CBT.V508.FILE1035.PDS, moved to PDS/RC
2025-04-08 23:17:14.207766 - Found RCWORST.rexx (text/plain) in CBT.V508.FILE1035.PDS, moved to PDS/RCWORST
2025-04-08 23:17:14.208342 - Found RXCALL.rexx (text/plain) in CBT.V508.FILE1035.PDS, moved to PDS/RXCALL
2025-04-08 23:17:14.208975 - Found SAMPLES.rexx (text/plain) in CBT.V508.FILE1035.PDS, moved to PDS/SAMPLES
2025-04-08 23:17:14.209581 - Found SPEX.rexx (text/plain) in CBT.V508.FILE1035.PDS, moved to PDS/SPEX
2025-04-08 23:17:14.210140 - Found SPLIT.rexx (text/plain) in CBT.V508.FILE1035.PDS, moved to PDS/SPLIT
2025-04-08 23:17:14.210790 - Found STACKIO.rexx (text/plain) in CBT.V508.FILE1035.PDS, moved to PDS/STACKIO
2025-04-08 23:17:14.211403 - Found STAGENUM.rexx (text/plain) in CBT.V508.FILE1035.PDS, moved to PDS/STAGENUM
2025-04-08 23:17:14.211954 - Found STRLITER.rexx (text/plain) in CBT.V508.FILE1035.PDS, moved to PDS/STRLITER
2025-04-08 23:17:14.212496 - Found TSO.rexx (text/plain) in CBT.V508.FILE1035.PDS, moved to PDS/TSO
2025-04-08 23:17:14.213079 - Found ZPIPE.rexx (text/plain) in CBT.V508.FILE1035.PDS, moved to PDS/ZPIPE
